<?xml version="1.0" encoding="UTF-8"?>
<!-- Generated by org.testng.reporters.JUnitReportReporter -->
<testsuite skipped="0" hostname="DESKTOP-01THEB1" name="com.craftsvilla.testcripts.LogInScripts" tests="1" failures="0" timestamp="15 Nov 2019 16:22:44 GMT" time="71.091" errors="0">
  <testcase name="TC_01_login" time="71.091" classname="com.craftsvilla.testcripts.LogInScripts"/>
</testsuite> <!-- com.craftsvilla.testcripts.LogInScripts -->
